[vibhor9351.wixsite.com/website.html]
[static.parastorage.com/unpkg/core-js-bundle@3.2.1/minified.js]
[static.parastorage.com/unpkg/focus-within-polyfill@5.0.9/dist/focus-within-polyfill.js]
[backblue.gif]
[fade.gif]
[index.html]
[polyfill.io/v3/polyfill.mind82c.js]
[vibhor9351.wixsite.com/website/decodeURIComponent(e]
[browser.sentry-cdn.com/5.21.4/bundle.min.js]
[vibhor9351.wixsite.com/website/https_]
[vibhor9351.wixsite.com/website/robots.txt]
[vibhor9351.wixsite.com/website/sitemap.xml]
[vibhor9351.wixsite.com/website/feed.xml]
[static.parastorage.com/services/wix-thunderbolt/dist/bootstrap-features.8aa9464b.bundle.min.js]
[static.parastorage.com/services/wix-thunderbolt/dist/main.fa09054d.bundle.min.js]
[static.parastorage.com/unpkg/lodash@4.17.21/lodash.min.js]
[static.parastorage.com/unpkg/react@16.13.1/umd/react.production.min.js]
[static.parastorage.com/services/editor-elements/dist/componentSdks.294e7659.bundle.min.js]
[static.parastorage.com/services/tag-manager-client/1.427.0/siteTags.bundle.min.js]
[static.parastorage.com/services/editor-elements/dist/thunderboltElements.5821a6da.bundle.min.js]
[static.parastorage.com/services/wix-perf-measure/1.512.0/wix-perf-measure.bundle.min.js]
[static.parastorage.com/services/editor-elements/dist/media/sloppyframe.d6793e19.png]
[vibhor9351.wixsite.com/index.html]
[vibhor9351.wixsite.com/website/version/index.html]
[static.wixstatic.com/media/f7db07_7e73f53250dc4d048837c450f5889365_mv2.png/v1/fill/w_59,h_59,al_c,usm_0.66_1.00_0.01,blur_3/cafe logo.png]
[vibhor9351.wixsite.com/website/menus.html]
[vibhor9351.wixsite.com/website/locations.html]
[vibhor9351.wixsite.com/website/contact.html]
[vibhor9351.wixsite.com/website/online-ordering.html]
[vibhor9351.wixsite.com/website/instagram.html]
[static.wixstatic.com/media/11062b_120ea5a88c3f486fadddc799cf39d877_mv2.jpg/v1/fill/w_196,h_134,al_c,q_80,usm_0.66_1.00_0.01,blur_2/11062b_120ea5a88c3f486fadddc799cf39d877_mv2.jpg]
[vibhor9351.wixsite.com/website/about.html]
[static.wixstatic.com/media/11062b_54b0313b65a44b479c9f065e126f7c06_mv2.jpg/v1/fill/w_196,h_131,al_c,q_80,usm_0.66_1.00_0.01,blur_2/11062b_54b0313b65a44b479c9f065e126f7c06_mv2.jpg]
[static.wixstatic.com/media/f7db07_9598551685894e22bd4e871b3604d635_mv2.jpg/v1/fill/w_156,h_208,al_c,q_80,usm_0.66_1.00_0.01,blur_2/f7db07_9598551685894e22bd4e871b3604d635_mv2.jpg]
[static.wixstatic.com/media/f7db07_360c8df3702d4b429c177806affa1615_mv2.jpg/v1/fill/w_196,h_147,al_c,q_80,usm_0.66_1.00_0.01,blur_2/f7db07_360c8df3702d4b429c177806affa1615_mv2.jpg]
[static.wixstatic.com/media/f7db07_cf19d8e503ea4c7cb2fd650e184beee9_mv2.jpg/v1/fill/w_156,h_208,al_c,q_80,usm_0.66_1.00_0.01,blur_2/f7db07_cf19d8e503ea4c7cb2fd650e184beee9_mv2.jpg]
[vibhor9351.wixsite.com/website.html]
[static.parastorage.com/unpkg/react-dom@16.13.1/umd/react-dom.production.min.js]
[vibhor9351.wixsite.com/website/decodeURIComponent(e.html]
[vibhor9351.wixsite.com/website/https_.html]
[vibhor9351.wixsite.com/website/robots.html]
[vibhor9351.wixsite.com/website/feed.html]
[vibhor9351.wixsite.com/index.html]
[vibhor9351.wixsite.com/website/version/index.html]
[vibhor9351.wixsite.com/website/menus.html]
[vibhor9351.wixsite.com/constants]
[static.wixstatic.com/media/11062b_07018f6ec2c741cf84f7a9e023eac07c_mv2.jpg/v1/fill/w_1280,h_320,al_c,q_85,blur_3/11062b_07018f6ec2c741cf84f7a9e023eac07c_mv2.jpg]
[static.wixstatic.com/media/11062b_07018f6ec2c741cf84f7a9e023eac07c_mv2.jpg/v1/fill/w_1280,h_320,al_c,q_85/11062b_07018f6ec2c741cf84f7a9e023eac07c_mv2.jpg]
[static.wixstatic.com/media/11062b_eeaa12b91ecf4c2e800f32d96af47c03_mv2.jpg/v1/fill/w_178,h_178,al_c,q_80,blur_3/11062b_eeaa12b91ecf4c2e800f32d96af47c03_mv2.jpg]
[static.wixstatic.com/media/11062b_eeaa12b91ecf4c2e800f32d96af47c03_mv2.jpg/v1/fill/w_178,h_178,al_c,q_80/11062b_eeaa12b91ecf4c2e800f32d96af47c03_mv2.jpg]
[static.wixstatic.com/media/11062b_aa59dc6d0bfd4e1183a054b8db7aafa3_mv2.jpg/v1/fill/w_178,h_178,al_c,q_80,blur_3/11062b_aa59dc6d0bfd4e1183a054b8db7aafa3_mv2.jpg]
[static.wixstatic.com/media/11062b_aa59dc6d0bfd4e1183a054b8db7aafa3_mv2.jpg/v1/fill/w_178,h_178,al_c,q_80/11062b_aa59dc6d0bfd4e1183a054b8db7aafa3_mv2.jpg]
[static.wixstatic.com/media/11062b_45fe20bdd8344979be93202c17ff0311_mv2.jpg/v1/fill/w_178,h_178,al_c,q_80,blur_3/11062b_45fe20bdd8344979be93202c17ff0311_mv2.jpg]
[static.wixstatic.com/media/11062b_45fe20bdd8344979be93202c17ff0311_mv2.jpg/v1/fill/w_178,h_178,al_c,q_80/11062b_45fe20bdd8344979be93202c17ff0311_mv2.jpg]
[static.wixstatic.com/media/11062b_e7672aeed4fe41e2b426e2469de19b27_mv2.jpg/v1/fill/w_178,h_178,al_c,q_80,blur_3/11062b_e7672aeed4fe41e2b426e2469de19b27_mv2.jpg]
[static.wixstatic.com/media/11062b_e7672aeed4fe41e2b426e2469de19b27_mv2.jpg/v1/fill/w_178,h_178,al_c,q_80/11062b_e7672aeed4fe41e2b426e2469de19b27_mv2.jpg]
[static.wixstatic.com/media/11062b_7b8dcfb0381a4ecfb19e2ce4ab5aa9aa_mv2.jpg/v1/fill/w_178,h_178,al_c,q_80,blur_3/11062b_7b8dcfb0381a4ecfb19e2ce4ab5aa9aa_mv2.jpg]
[static.wixstatic.com/media/11062b_7b8dcfb0381a4ecfb19e2ce4ab5aa9aa_mv2.jpg/v1/fill/w_178,h_178,al_c,q_80/11062b_7b8dcfb0381a4ecfb19e2ce4ab5aa9aa_mv2.jpg]
[static.wixstatic.com/media/11062b_2b80c936d0a04e799e239c3f4c56ded2_mv2.jpg/v1/fill/w_178,h_178,al_c,q_80,blur_3/11062b_2b80c936d0a04e799e239c3f4c56ded2_mv2.jpg]
[static.wixstatic.com/media/11062b_2b80c936d0a04e799e239c3f4c56ded2_mv2.jpg/v1/fill/w_178,h_178,al_c,q_80/11062b_2b80c936d0a04e799e239c3f4c56ded2_mv2.jpg]
[static.wixstatic.com/media/11062b_3d51750a6db94c258c2589de823f2fcb_mv2.jpg/v1/fill/w_1280,h_320,al_c,q_85,blur_3/11062b_3d51750a6db94c258c2589de823f2fcb_mv2.jpg]
[static.wixstatic.com/media/11062b_3d51750a6db94c258c2589de823f2fcb_mv2.jpg/v1/fill/w_1280,h_320,al_c,q_85/11062b_3d51750a6db94c258c2589de823f2fcb_mv2.jpg]
[static.wixstatic.com/media/11062b_684e497049d2442580f625e4891cdb88_mv2.jpg/v1/fill/w_178,h_178,al_c,q_80,blur_3/11062b_684e497049d2442580f625e4891cdb88_mv2.jpg]
[static.wixstatic.com/media/11062b_684e497049d2442580f625e4891cdb88_mv2.jpg/v1/fill/w_178,h_178,al_c,q_80/11062b_684e497049d2442580f625e4891cdb88_mv2.jpg]
[static.wixstatic.com/media/11062b_db3f8b3c665a4c05aadd573626754f4b_mv2.jpg/v1/fill/w_178,h_178,al_c,q_80,blur_3/11062b_db3f8b3c665a4c05aadd573626754f4b_mv2.jpg]
[static.wixstatic.com/media/11062b_db3f8b3c665a4c05aadd573626754f4b_mv2.jpg/v1/fill/w_178,h_178,al_c,q_80/11062b_db3f8b3c665a4c05aadd573626754f4b_mv2.jpg]
[static.wixstatic.com/media/11062b_cffb0f84bd9948fc8db2700d38f371fc_mv2.jpg/v1/fill/w_178,h_178,al_c,q_80,blur_3/11062b_cffb0f84bd9948fc8db2700d38f371fc_mv2.jpg]
[static.wixstatic.com/media/11062b_cffb0f84bd9948fc8db2700d38f371fc_mv2.jpg/v1/fill/w_178,h_178,al_c,q_80/11062b_cffb0f84bd9948fc8db2700d38f371fc_mv2.jpg]
[vibhor9351.wixsite.com/website/online-ordering.html]
[vibhor9351.wixsite.com/website/contact.html]
[vibhor9351.wixsite.com/website/instagram.html]
[vibhor9351.wixsite.com/website/locations.html]
[vibhor9351.wixsite.com/website/about.html]
[vibhor9351.wixsite.com/constants.html]
